2022-11-25 22:11:38(PM)
2022-11-25 22:11:43(PM)
2022-11-25 22:11:00(PM)
2022-11-26 10:11:21(AM)
2022-11-27 14:11:08(PM)
2022-11-28 20:11:31(PM)
2022-12-04 21:12:29(PM)
2022-12-04 21:12:43(PM)
 ”∆µœ¬‘ÿ ß∞‹
2022-12-04 21:12:37(PM)
 ”∆µœ¬‘ÿ ß∞‹
2022-12-04 21:12:05(PM)
 ”∆µœ¬‘ÿ ß∞‹
2022-12-11 20:12:21(PM)
2022-12-14 21:12:31(PM)
2022-12-14 21:12:34(PM)
2022-12-15 18:12:13(PM)
2022-12-16 09:12:50(AM)
2022-12-16 09:12:00(AM)
2022-12-16 09:12:40(AM)
2022-12-16 10:12:14(AM)
2022-12-16 10:12:49(AM)
2022-12-16 11:12:10(AM)
2022-12-16 12:12:29(PM)
2022-12-16 18:12:59(PM)
2022-12-16 18:12:08(PM)
2023-01-07 21:01:40(PM)
2023-01-08 11:01:46(AM)
2023-01-08 11:01:05(AM)
2023-01-08 12:01:10(PM)
2023-01-08 20:01:33(PM)
2023-01-08 20:01:39(PM)
2023-01-08 20:01:10(PM)
2023-01-08 20:01:16(PM)
2023-01-08 20:01:23(PM)
2023-01-08 20:01:45(PM)
2023-01-08 22:01:42(PM)
2023-01-08 22:01:45(PM)
2023-01-08 22:01:28(PM)
2023-01-08 22:01:15(PM)
2023-01-10 11:01:13(AM)
2023-01-10 11:01:09(AM)
2023-01-10 11:01:20(AM)
2023-01-10 11:01:21(AM)
2023-01-10 11:01:39(AM)
2023-01-10 13:01:24(PM)
2023-01-14 21:01:03(PM)
2023-01-14 22:01:36(PM)
2023-01-14 22:01:39(PM)
 ”∆µœ¬‘ÿ ß∞‹
 ”∆µœ¬‘ÿ ß∞‹
2023-01-15 13:01:23(PM)
2023-01-15 15:01:12(PM)
2023-01-15 15:01:32(PM)
2023-01-15 15:01:11(PM)
2023-01-15 16:01:20(PM)
2023-01-15 18:01:22(PM)
2023-01-15 18:01:43(PM)
2023-01-15 18:01:38(PM)
2023-01-15 18:01:48(PM)
2023-01-17 22:01:56(PM)
